ttygif version 1.0.703
input : test.cast
output: examples/test.gif
dimensions: 157x34
Header
  Offset:                 00
  Signature:              GIF
  Version:                89a
  ScreenWidth:            1256
  ScreenHeight:           646
  Packed:                 151
  BackgroundColor:        0
  AspectRatio:            0
  GlobalColorTableSize:   7
  ColorTableSortFlag:     0
  ColorResolution:        1
  GlobalColorTableFlag:   1
  GlobalColorTableLength: 256
Seconds: 0.119182 of 13.573215 0.0%    Frame:0, Delay:9
Graphics Control Extension Block
  Offset:               31E
  Introducer:           33
  Label:                249
  BlockSize:            4
  Packed:               0
  DelayTime:            9
  ColorIndex:           0
  Terminator:           0
  TransparentColorFlag: 0
  UserInputFlag:        0
  DisposalMethod:       0
  Reserved:             0
Image Descriptor Block
  Offset:              31E
  Separator:           2C
  Left:                00
  Top:                 00
  Width:               4E8
  Height:              286
  Packed:              00
  LocalColorTableFlag: 0
  InterlaceFlag:       0
  SortFlag:            0
  Reserved:            00
  LocalColorTableSize: 00
ImageData
Frame:1, Delay:6

Processing Aborted...
